0 info it worked if it ends with ok
1 verbose cli [ '/usr/local/Cellar/node/5.0.0/bin/node',
1 verbose cli   '/usr/local/bin/npm',
1 verbose cli   'publish' ]
2 info using npm@3.3.9
3 info using node@v5.0.0
4 verbose publish [ '.' ]
5 silly cache add args [ '.', null ]
6 verbose cache add spec .
7 silly cache add parsed spec Result {
7 silly cache add   raw: '.',
7 silly cache add   scope: null,
7 silly cache add   name: null,
7 silly cache add   rawSpec: '.',
7 silly cache add   spec: '/Users/blade/develop/mobile/android/source/react-native-imagebrowser',
7 silly cache add   type: 'directory' }
8 verbose addLocalDirectory /Users/blade/.npm/react-native-imagebrowser/1.0.0/package.tgz not in flight; packing
9 info lifecycle react-native-imagebrowser@1.0.0~prepublish: react-native-imagebrowser@1.0.0
10 silly lifecycle react-native-imagebrowser@1.0.0~prepublish: no script for prepublish, continuing
11 verbose tar pack [ '/Users/blade/.npm/react-native-imagebrowser/1.0.0/package.tgz',
11 verbose tar pack   '/Users/blade/develop/mobile/android/source/react-native-imagebrowser' ]
12 verbose tarball /Users/blade/.npm/react-native-imagebrowser/1.0.0/package.tgz
13 verbose folder /Users/blade/develop/mobile/android/source/react-native-imagebrowser
14 verbose addLocalTarball adding from inside cache /Users/blade/.npm/react-native-imagebrowser/1.0.0/package.tgz
15 silly cache afterAdd react-native-imagebrowser@1.0.0
16 verbose afterAdd /Users/blade/.npm/react-native-imagebrowser/1.0.0/package/package.json not in flight; writing
17 verbose afterAdd /Users/blade/.npm/react-native-imagebrowser/1.0.0/package/package.json written
18 silly publish { name: 'react-native-imagebrowser',
18 silly publish   version: '1.0.0',
18 silly publish   description: 'native image browser ,one and many images',
18 silly publish   main: 'index.js',
18 silly publish   repository:
18 silly publish    { type: 'git',
18 silly publish      url: 'git+https://github.com/gocodecamp/react-native-imagebrowser.git' },
18 silly publish   author: { name: 'gocodecamp' },
18 silly publish   license: 'MIT',
18 silly publish   readme: '# react-native-imagebrowser',
18 silly publish   readmeFilename: 'README.md',
18 silly publish   gitHead: '52d5c1806cf0b594e6693c62bcce2c1cf7b8e0db',
18 silly publish   bugs: { url: 'https://github.com/gocodecamp/react-native-imagebrowser/issues' },
18 silly publish   homepage: 'https://github.com/gocodecamp/react-native-imagebrowser#readme',
18 silly publish   _id: 'react-native-imagebrowser@1.0.0',
18 silly publish   scripts: {},
18 silly publish   _shasum: '0e685434fb3eb0b936519308b458ece4128cd376',
18 silly publish   _from: '.' }
19 verbose getPublishConfig undefined
20 silly mapToRegistry name react-native-imagebrowser
21 silly mapToRegistry using default registry
22 silly mapToRegistry registry https://registry.npmjs.org/
23 silly mapToRegistry uri https://registry.npmjs.org/react-native-imagebrowser
24 verbose publish registryBase https://registry.npmjs.org/
25 silly publish uploading /Users/blade/.npm/react-native-imagebrowser/1.0.0/package.tgz
26 verbose request uri https://registry.npmjs.org/react-native-imagebrowser
27 verbose request sending authorization for write operation
28 info attempt registry request try #1 at 4:19:59 PM
29 verbose request using bearer token for auth
30 verbose request id b548ac1202a0e219
31 http request PUT https://registry.npmjs.org/react-native-imagebrowser
32 http 403 https://registry.npmjs.org/react-native-imagebrowser
33 verbose headers { 'content-type': 'application/json',
33 verbose headers   'cache-control': 'max-age=300',
33 verbose headers   'content-length': '95',
33 verbose headers   'accept-ranges': 'bytes',
33 verbose headers   date: 'Wed, 08 Feb 2017 08:20:04 GMT',
33 verbose headers   via: '1.1 varnish',
33 verbose headers   connection: 'keep-alive',
33 verbose headers   'x-served-by': 'cache-syd1624-SYD',
33 verbose headers   'x-cache': 'MISS',
33 verbose headers   'x-cache-hits': '0',
33 verbose headers   'x-timer': 'S1486542001.762303,VS0,VE2932',
33 verbose headers   vary: 'Accept-Encoding' }
34 verbose request invalidating /Users/blade/.npm/registry.npmjs.org/react-native-imagebrowser on PUT
35 error publish Failed PUT 403
36 verbose stack Error: "You cannot publish over the previously published version 1.0.0." : react-native-imagebrowser
36 verbose stack     at makeError (/usr/local/lib/node_modules/npm/node_modules/npm-registry-client/lib/request.js:264:12)
36 verbose stack     at CachingRegistryClient.<anonymous> (/usr/local/lib/node_modules/npm/node_modules/npm-registry-client/lib/request.js:252:14)
36 verbose stack     at Request._callback (/usr/local/lib/node_modules/npm/node_modules/npm-registry-client/lib/request.js:172:14)
36 verbose stack     at Request.self.callback (/usr/local/lib/node_modules/npm/node_modules/request/request.js:198:22)
36 verbose stack     at emitTwo (events.js:87:13)
36 verbose stack     at Request.emit (events.js:172:7)
36 verbose stack     at Request.<anonymous> (/usr/local/lib/node_modules/npm/node_modules/request/request.js:1082:10)
36 verbose stack     at emitOne (events.js:82:20)
36 verbose stack     at Request.emit (events.js:169:7)
36 verbose stack     at IncomingMessage.<anonymous> (/usr/local/lib/node_modules/npm/node_modules/request/request.js:1009:12)
37 verbose statusCode 403
38 verbose pkgid react-native-imagebrowser
39 verbose cwd /Users/blade/develop/mobile/android/source/react-native-imagebrowser
40 error Darwin 16.3.0
41 error argv "/usr/local/Cellar/node/5.0.0/bin/node" "/usr/local/bin/npm" "publish"
42 error node v5.0.0
43 error npm  v3.3.9
44 error code E403
45 error "You cannot publish over the previously published version 1.0.0." : react-native-imagebrowser
46 error If you need help, you may report this error at:
46 error     <https://github.com/npm/npm/issues>
47 verbose exit [ 1, true ]
